Info: : 4696 mini-second(s) publishing element CapabilityPattern:elaboration_phase_iteration[openup\capabilitypatterns\elaboration_phase_iteration_97E7400D.html]
Info: CapabilityPattern:elaboration_phase_iteration: 4696 mini seconds publishing element
Info: CapabilityPattern:elaboration_phase_iteration: 3775 mini seconds publishing process specific layout data
Info: Activity:manage_iteration: 686 mini seconds publishing element
Info: : 1030 mini-second(s) publishing element Task:plan_iteration[openup\tasks\plan_iteration_957C90DC.html]
Info: Task:plan_iteration: 1030 mini seconds publishing element
Info: TaskDescriptor:plan_iteration: 905 mini seconds publishing element
Info: : 2621 mini-second(s) publishing element Role:project_manager[openup\roles\project_manager_E657F936.html]
Info: Role:project_manager: 2621 mini seconds publishing element
Info: RoleDescriptor:project_manager: 452 mini seconds publishing element
Info: Role:analyst: 156 mini seconds publishing element
Info: RoleDescriptor:analyst: 47 mini seconds publishing element
Info: Role:architect: 140 mini seconds publishing element
Info: RoleDescriptor:architect: 63 mini seconds publishing element
Info: Role:developer: 171 mini seconds publishing element
Info: RoleDescriptor:developer: 47 mini seconds publishing element
Info: Role:stakeholder: 78 mini seconds publishing element
Info: RoleDescriptor:stakeholder: 31 mini seconds publishing element
Info: Role:tester: 141 mini seconds publishing element
Info: RoleDescriptor:tester: 46 mini seconds publishing element
Info: Artifact:project_plan: 952 mini seconds publishing element
Info: WorkProductDescriptor:project_plan: 624 mini seconds publishing element
Info: Artifact:architecture_notebook: 94 mini seconds publishing element
Info: WorkProductDescriptor:architecture_notebook: 62 mini seconds publishing element
Info: Artifact:risk_list: 62 mini seconds publishing element
Info: WorkProductDescriptor:risk_list: 63 mini seconds publishing element
Info: Artifact:iteration_plan: 78 mini seconds publishing element
Info: WorkProductDescriptor:iteration_plan: 47 mini seconds publishing element
Info: Artifact:vision: 78 mini seconds publishing element
Info: WorkProductDescriptor:vision: 31 mini seconds publishing element
Info: Task:manage_iteration: 156 mini seconds publishing element
Info: TaskDescriptor:manage_iteration: 78 mini seconds publishing element
Info: Role:any_role: 78 mini seconds publishing element
Info: RoleDescriptor:any_role: 31 mini seconds publishing element
Info: Task:assess_results: 94 mini seconds publishing element
Info: TaskDescriptor:assess_results: 93 mini seconds publishing element
Info: Artifact:test_log: 31 mini seconds publishing element
Info: WorkProductDescriptor:test_log: 47 mini seconds publishing element
Info: Activity:identify_and_refine_requirements: 562 mini seconds publishing element
Info: Task:find_and_outline_requirements: 312 mini seconds publishing element
Info: TaskDescriptor:find_and_outline_requirements: 109 mini seconds publishing element
Info: RoleDescriptor:analyst: 78 mini seconds publishing element
Info: RoleDescriptor:architect: 47 mini seconds publishing element
Info: RoleDescriptor:developer: 62 mini seconds publishing element
Info: RoleDescriptor:stakeholder: 47 mini seconds publishing element
Info: RoleDescriptor:tester: 47 mini seconds publishing element
Info: WorkProductDescriptor:vision: 31 mini seconds publishing element
Info: Artifact:use_case: 172 mini seconds publishing element
Info: WorkProductDescriptor:use_case: 93 mini seconds publishing element
Info: Artifact:supporting_requirements_spec: 265 mini seconds publishing element
Info: WorkProductDescriptor:supporting_requirements_spec: 47 mini seconds publishing element
Info: Artifact:uc_model: 78 mini seconds publishing element
Info: WorkProductDescriptor:uc_model: 47 mini seconds publishing element
Info: Task:detail_requirements: 156 mini seconds publishing element
Info: TaskDescriptor:detail_requirements: 125 mini seconds publishing element
Info: WorkProductDescriptor:iteration_plan: 47 mini seconds publishing element
Info: Activity:develop_architecture: 577 mini seconds publishing element
Info: Task:outline_the_architecture: 156 mini seconds publishing element
Info: TaskDescriptor:outline_the_architecture: 109 mini seconds publishing element
Info: RoleDescriptor:architect: 31 mini seconds publishing element
Info: RoleDescriptor:analyst: 31 mini seconds publishing element
Info: RoleDescriptor:developer: 16 mini seconds publishing element
Info: RoleDescriptor:project_manager: 31 mini seconds publishing element
Info: RoleDescriptor:stakeholder: 47 mini seconds publishing element
Info: WorkProductDescriptor:uc_model: 31 mini seconds publishing element
Info: WorkProductDescriptor:use_case: 63 mini seconds publishing element
Info: WorkProductDescriptor:vision: 31 mini seconds publishing element
Info: WorkProductDescriptor:architecture: 62 mini seconds publishing element
Info: WorkProductDescriptor:supporting_requirements_spec: 78 mini seconds publishing element
Info: Task:refine_the_architecture: 109 mini seconds publishing element
Info: TaskDescriptor:refine_the_architecture: 78 mini seconds publishing element
Info: Artifact:build: 47 mini seconds publishing element
Info: WorkProductDescriptor:build: 31 mini seconds publishing element
Info: Activity:develop_solution: 858 mini seconds publishing element
Info: Task:design_solution: 140 mini seconds publishing element
Info: TaskDescriptor:design_solution: 156 mini seconds publishing element
Info: RoleDescriptor:developer: 47 mini seconds publishing element
Info: RoleDescriptor:analyst: 31 mini seconds publishing element
Info: RoleDescriptor:architect: 63 mini seconds publishing element
Info: RoleDescriptor:stakeholder: 31 mini seconds publishing element
Info: RoleDescriptor:tester: 47 mini seconds publishing element
Info: WorkProductDescriptor:architecture_notebook: 31 mini seconds publishing element
Info: WorkProductDescriptor:use_case: 31 mini seconds publishing element
Info: WorkProductDescriptor:supporting_requirements_spec: 62 mini seconds publishing element
Info: Artifact:design: 47 mini seconds publishing element
Info: WorkProductDescriptor:design: 140 mini seconds publishing element
Info: Task:impl_developer_tests: 63 mini seconds publishing element
Info: TaskDescriptor:impl_developer_tests: 62 mini seconds publishing element
Info: Artifact:implementation: 47 mini seconds publishing element
Info: WorkProductDescriptor:implementation: 47 mini seconds publishing element
Info: Artifact:developer_test: 62 mini seconds publishing element
Info: WorkProductDescriptor:developer_test: 94 mini seconds publishing element
Info: Task:implement_solution: 171 mini seconds publishing element
Info: TaskDescriptor:implement_solution: 125 mini seconds publishing element
Info: WorkProductDescriptor:build: 47 mini seconds publishing element
Info: Task:run_developer_tests: 47 mini seconds publishing element
Info: TaskDescriptor:run_developer_tests: 47 mini seconds publishing element
Info: Task:integrate_and_create_build: 171 mini seconds publishing element
Info: TaskDescriptor:integrate_and_create_build: 63 mini seconds publishing element
Info: Artifact:test_script: 31 mini seconds publishing element
Info: WorkProductDescriptor:test_script: 31 mini seconds publishing element
Info: RoleDescriptor:tester: 16 mini seconds publishing element
Info: Activity:develop_solution: 795 mini seconds publishing element
Info: Activity:Test Solution: 453 mini seconds publishing element
Info: Task:implement_test_scripts: 140 mini seconds publishing element
Info: TaskDescriptor:implement_test_scripts: 78 mini seconds publishing element
Info: RoleDescriptor:tester: 31 mini seconds publishing element
Info: RoleDescriptor:analyst: 31 mini seconds publishing element
Info: RoleDescriptor:developer: 31 mini seconds publishing element
Info: RoleDescriptor:stakeholder: 31 mini seconds publishing element
Info: WorkProductDescriptor:build: 32 mini seconds publishing element
Info: WorkProductDescriptor:supporting_requirements_spec: 31 mini seconds publishing element
Info: Artifact:work_items_list: 78 mini seconds publishing element
Info: WorkProductDescriptor:work_items_list: 47 mini seconds publishing element
Info: WorkProductDescriptor:test_script: 31 mini seconds publishing element
Info: TaskDescriptor:integrate_and_create_build: 93 mini seconds publishing element
Info: WorkProductDescriptor:implementation: 32 mini seconds publishing element
Info: WorkProductDescriptor:developer_test: 78 mini seconds publishing element
Info: Task:run_tests: 62 mini seconds publishing element
Info: TaskDescriptor:run_tests: 62 mini seconds publishing element
Info: WorkProductDescriptor:test_log: 31 mini seconds publishing element
Info: CapabilityPattern:inception_phase_iteration: 577 mini seconds publishing element
Info: CapabilityPattern:inception_phase_iteration: 812 mini seconds publishing process specific layout data
Info: Activity:initiate_project: 327 mini seconds publishing element
Info: Task:define_vision: 109 mini seconds publishing element
Info: TaskDescriptor:define_vision: 78 mini seconds publishing element
Info: RoleDescriptor:analyst: 47 mini seconds publishing element
Info: RoleDescriptor:architect: 31 mini seconds publishing element
Info: RoleDescriptor:project_manager: 32 mini seconds publishing element
Info: RoleDescriptor:stakeholder: 31 mini seconds publishing element
Info: WorkProductDescriptor:work_items_list: 47 mini seconds publishing element
Info: WorkProductDescriptor:vision: 46 mini seconds publishing element
Info: Task:plan_the_project: 110 mini seconds publishing element
Info: TaskDescriptor:plan_the_project: 93 mini seconds publishing element
Info: RoleDescriptor:developer: 16 mini seconds publishing element
Info: RoleDescriptor:tester: 47 mini seconds publishing element
Info: WorkProductDescriptor:risk_list: 31 mini seconds publishing element
Info: WorkProductDescriptor:project_plan: 31 mini seconds publishing element
Info: Activity:manage_iteration: 515 mini seconds publishing element
Info: Activity:identify_and_refine_requirements: 390 mini seconds publishing element
Info: CapabilityPattern:transition_phase_iteration: 515 mini seconds publishing element
Info: CapabilityPattern:transition_phase_iteration: 1731 mini seconds publishing process specific layout data
Info: Activity:manage_iteration: 531 mini seconds publishing element
Info: Activity:develop_solution: 873 mini seconds publishing element
Info: Activity:test_solution: 421 mini seconds publishing element
Info: Activity:ongoing_tasks: 203 mini seconds publishing element
Info: Task:request_change: 47 mini seconds publishing element
Info: TaskDescriptor:request_change: 31 mini seconds publishing element
Info: RoleDescriptor:any_role: 15 mini seconds publishing element
Info: WorkProductDescriptor:work_items_list: 47 mini seconds publishing element
Info: CapabilityPattern:construction_phase_iteration: 609 mini seconds publishing element
Info: CapabilityPattern:construction_phase_iteration: 1388 mini seconds publishing process specific layout data
Info: Activity:manage_iteration: 452 mini seconds publishing element
Info: Activity:identify_and_refine_requirements: 390 mini seconds publishing element
Info: TaskDescriptor:find_and_outline_requirements: 78 mini seconds publishing element
Info: RoleDescriptor:analyst: 32 mini seconds publishing element
Info: RoleDescriptor:architect: 31 mini seconds publishing element
Info: RoleDescriptor:developer: 78 mini seconds publishing element
Info: RoleDescriptor:stakeholder: 47 mini seconds publishing element
Info: RoleDescriptor:tester: 31 mini seconds publishing element
Info: WorkProductDescriptor:vision: 31 mini seconds publishing element
Info: WorkProductDescriptor:use_case: 47 mini seconds publishing element
Info: WorkProductDescriptor:supporting_requirements_spec: 47 mini seconds publishing element
Info: WorkProductDescriptor:uc_model: 46 mini seconds publishing element
Info: TaskDescriptor:detail_requirements: 94 mini seconds publishing element
Info: WorkProductDescriptor:iteration_plan: 31 mini seconds publishing element
Info: Activity:develop_solution: 811 mini seconds publishing element
Info: Activity:test_solution: 578 mini seconds publishing element
Info: CapabilityPattern:initiate_project: 358 mini seconds publishing element
Info: CapabilityPattern:initiate_project: 172 mini seconds publishing process specific layout data
Info: CapabilityPattern:plan_manage_iteration: 515 mini seconds publishing element
Info: CapabilityPattern:plan_manage_iteration: 296 mini seconds publishing process specific layout data
Info: CapabilityPattern:ongoing_tasks: 187 mini seconds publishing element
Info: CapabilityPattern:ongoing_tasks: 78 mini seconds publishing process specific layout data
Info: CapabilityPattern:identify_and_refine_requirements: 531 mini seconds publishing element
Info: CapabilityPattern:identify_and_refine_requirements: 327 mini seconds publishing process specific layout data
Info: Task:create_test_cases: 78 mini seconds publishing element
Info: TaskDescriptor:create_test_cases: 78 mini seconds publishing element
Info: Artifact:test_case: 78 mini seconds publishing element
Info: WorkProductDescriptor:test_case: 47 mini seconds publishing element
Info: CapabilityPattern:develop_architecture: 515 mini seconds publishing element
Info: CapabilityPattern:develop_architecture: 811 mini seconds publishing process specific layout data
Info: CapabilityPattern:agree_technical_approach: 234 mini seconds publishing element
Info: CapabilityPattern:agree_technical_approach: 78 mini seconds publishing process specific layout data
Info: TaskDescriptor:outline_the_architecture: 78 mini seconds publishing element
Info: RoleDescriptor:architect: 31 mini seconds publishing element
Info: RoleDescriptor:analyst: 31 mini seconds publishing element
Info: RoleDescriptor:developer: 31 mini seconds publishing element
Info: RoleDescriptor:project_manager: 32 mini seconds publishing element
Info: RoleDescriptor:stakeholder: 15 mini seconds publishing element
Info: WorkProductDescriptor:uc_model: 31 mini seconds publishing element
Info: WorkProductDescriptor:use_case: 32 mini seconds publishing element
Info: WorkProductDescriptor:vision: 31 mini seconds publishing element
Info: WorkProductDescriptor:architecture_notebook: 47 mini seconds publishing element
Info: WorkProductDescriptor:supporting_requirements_spec: 31 mini seconds publishing element
Info: CapabilityPattern:develop_solution: 858 mini seconds publishing element
Info: CapabilityPattern:develop_solution: 577 mini seconds publishing process specific layout data
Info: CapabilityPattern:test_solution: 390 mini seconds publishing element
Info: CapabilityPattern:test_solution: 218 mini seconds publishing process specific layout data
Info: DeliveryProcess:openup_lifecycle: 905 mini seconds publishing element
Info: DeliveryProcess:openup_lifecycle: 5694 mini seconds publishing process specific layout data
Info: Activity:inception_phase_iteration: 375 mini seconds publishing element
Info: Milestone:lifecycle_objectives: 327 mini seconds publishing element
Info: Activity:elaboration_phase_iteration: 484 mini seconds publishing element
Info: Milestone:lifecycle_architecture: 31 mini seconds publishing element
Info: Activity:construction_phase_iteration: 421 mini seconds publishing element
Info: Milestone:initial_operational_capability: 31 mini seconds publishing element
Info: Activity:transition_phase_iteration: 484 mini seconds publishing element
Info: Milestone:product_release: 31 mini seconds publishing element
Info: SupportingMaterial:openup_copyright: 374 mini seconds publishing element
Info: Concept:phase_milestones: 94 mini seconds publishing element
Info: Discipline:project_management: 452 mini seconds publishing element
Info: Guideline:agile_estimation: 94 mini seconds publishing element
Info: Concept:iteration_lifecycle: 31 mini seconds publishing element
Info: Concept:iteration: 62 mini seconds publishing element
Info: Concept:micro_increments: 31 mini seconds publishing element
Info: Guideline:assign_changes_to_iteration: 32 mini seconds publishing element
Info: Guideline:self_organize_work_assignments: 31 mini seconds publishing element
Info: Guideline:work_items_list: 62 mini seconds publishing element
Info: Guideline:risk_management: 78 mini seconds publishing element
Info: Guideline:deploying_the_solution: 47 mini seconds publishing element
Info: Guideline:iteration_planning: 62 mini seconds publishing element
Info: RoleSet:openup_roles: 63 mini seconds publishing element
Info: Guideline:staffing_project: 31 mini seconds publishing element
Info: Concept:core_principle_focus: 78 mini seconds publishing element
Info: Concept:software_architecture: 62 mini seconds publishing element
Info: Domain:project_management: 32 mini seconds publishing element
Info: WorkProductType:plan: 15 mini seconds publishing element
Info: Template:project_plan: 515 mini seconds publishing element
Info: Report:project_burndown: 31 mini seconds publishing element
Info: Example:project_plan: 141 mini seconds publishing element
Info: Checklist:project_plan: 374 mini seconds publishing element
Info: Domain:architecture: 16 mini seconds publishing element
Info: WorkProductType:specification: 31 mini seconds publishing element
Info: Concept:arch_mech: 47 mini seconds publishing element
Info: Concept:executable_architecture: 31 mini seconds publishing element
Info: Template:architecture_notebook: 62 mini seconds publishing element
Info: Guideline:architectural_view: 94 mini seconds publishing element
Info: Checklist:architecture_notebook: 47 mini seconds publishing element
Info: Concept:component: 46 mini seconds publishing element
Info: Concept:visual_modeling: 78 mini seconds publishing element
Info: Concept:pattern: 47 mini seconds publishing element
Info: Guideline:abstract_away_complexity: 47 mini seconds publishing element
Info: Guideline:layering: 31 mini seconds publishing element
Info: WorkProductType:project_data: 47 mini seconds publishing element
Info: TermDefinition:risk: 15 mini seconds publishing element
Info: Concept:risk: 31 mini seconds publishing element
Info: Template:risk_list: 63 mini seconds publishing element
Info: Checklist:risk_list: 31 mini seconds publishing element
Info: Template:iteration_plan: 31 mini seconds publishing element
Info: Report:iteration_burndown: 31 mini seconds publishing element
Info: Example:iteration_plan: 63 mini seconds publishing element
Info: Checklist:iteration_plan: 47 mini seconds publishing element
Info: Domain:requirements: 78 mini seconds publishing element
Info: WorkProductType:concept: 15 mini seconds publishing element
Info: TermDefinition:feature: 16 mini seconds publishing element
Info: Template:vision: 31 mini seconds publishing element
Info: Checklist:good_requirements: 78 mini seconds publishing element
Info: Checklist:vision: 62 mini seconds publishing element
Info: Guideline:daily_meetings: 32 mini seconds publishing element
Info: Concept:metrics: 31 mini seconds publishing element
Info: Guideline:iteration_assessment: 47 mini seconds publishing element
Info: SupportingMaterial:resources_for_modifying_methods: 140 mini seconds publishing element
Info: Concept:retrospective: 16 mini seconds publishing element
Info: Guideline:conduct_retrospective: 31 mini seconds publishing element
Info: Domain:test: 47 mini seconds publishing element
Info: Discipline:requirements: 62 mini seconds publishing element
Info: Guideline:req_gathering_techniques: 172 mini seconds publishing element
Info: Concept:requirements: 46 mini seconds publishing element
Info: Concept:supporting_requirements: 47 mini seconds publishing element
Info: Concept:actor: 156 mini seconds publishing element
Info: Guideline:find_and_outline_actors_and_ucs: 47 mini seconds publishing element
Info: Guideline:supporting_requirements: 62 mini seconds publishing element
Info: Guideline:effective_req_reviews: 47 mini seconds publishing element
Info: Concept:core_principle_collaborate: 31 mini seconds publishing element
Info: Checklist:actor: 47 mini seconds publishing element
Info: Checklist:use_case: 78 mini seconds publishing element
Info: Checklist:uc_model: 47 mini seconds publishing element
Info: Checklist:supporting_requirements: 62 mini seconds publishing element
Info: Concept:use_case: 172 mini seconds publishing element
Info: Concept:use_case_model: 94 mini seconds publishing element
Info: Guideline:requirement_pitfalls: 46 mini seconds publishing element
Info: Guideline:writing_good_requirements: 32 mini seconds publishing element
Info: Guideline:uc_model: 46 mini seconds publishing element
Info: WorkProductType:model_element: 32 mini seconds publishing element
Info: Template:uc_specification: 31 mini seconds publishing element
Info: Example:use_case_spec: 31 mini seconds publishing element
Info: Guideline:detail_ucs_and_scenarios: 78 mini seconds publishing element
Info: Template:supporting_requirements_spec: 47 mini seconds publishing element
Info: WorkProductType:model: 15 mini seconds publishing element
Info: Example:uc_model_evolve: 78 mini seconds publishing element
Info: Concept:architecturally_significant_requirements: 63 mini seconds publishing element
Info: Guideline:use_case_formats: 31 mini seconds publishing element
Info: Concept:change_requests: 16 mini seconds publishing element
Info: Concept:requirement_attributes: 93 mini seconds publishing element
Info: Concept:traceability: 31 mini seconds publishing element
Info: Discipline:architecture: 63 mini seconds publishing element
Info: Guideline:determine_architecturally_significant_requirements: 15 mini seconds publishing element
Info: Guideline:architectural_mechanisms: 32 mini seconds publishing element
Info: Guideline:outline_the_architecture: 46 mini seconds publishing element
Info: Concept:elaboration_phase: 32 mini seconds publishing element
Info: Concept:business_pattern: 31 mini seconds publishing element
Info: Guideline:develop_architecture: 31 mini seconds publishing element
Info: Guideline:software_reuse: 47 mini seconds publishing element
Info: Domain:development: 15 mini seconds publishing element
Info: WorkProductType:solution: 16 mini seconds publishing element
Info: Concept:continuous_integration: 47 mini seconds publishing element
Info: Guideline:continuous_integration: 31 mini seconds publishing element
Info: Guideline:promoting_changes: 31 mini seconds publishing element
Info: Discipline:development: 47 mini seconds publishing element
Info: Guideline:analyze_the_design: 62 mini seconds publishing element
Info: Guideline:evolve_the_design: 47 mini seconds publishing element
Info: Guideline:entity_control_boundary_pattern: 47 mini seconds publishing element
Info: Concept:design: 31 mini seconds publishing element
Info: Concept:refactoring: 47 mini seconds publishing element
Info: Guideline:designing_visually: 78 mini seconds publishing element
Info: Guideline:uc_realizations: 93 mini seconds publishing element
Info: Template:design: 16 mini seconds publishing element
Info: Checklist:design: 78 mini seconds publishing element
Info: Concept:test_first_design: 31 mini seconds publishing element
Info: Concept:developer_testing: 31 mini seconds publishing element
Info: Guideline:test_first_design: 47 mini seconds publishing element
Info: Checklist:implementation: 31 mini seconds publishing element
Info: Concept:coding_standard: 31 mini seconds publishing element
Info: Guideline:transforming_design_into_implementation: 32 mini seconds publishing element
Info: Guideline:maintaining_automated_test_suite: 31 mini seconds publishing element
Info: Guideline:programming_automated_tests: 31 mini seconds publishing element
Info: Discipline:config_and_change_management: 47 mini seconds publishing element
Info: Concept:workspace: 15 mini seconds publishing element
Info: Concept:change_set: 32 mini seconds publishing element
Info: Template:manual_test_script: 31 mini seconds publishing element
Info: Checklist:test_script: 31 mini seconds publishing element
Info: Guideline:test_suite: 31 mini seconds publishing element
Info: Discipline:test: 31 mini seconds publishing element
Info: Template:work_items_list: 32 mini seconds publishing element
Info: Example:work_items_list: 31 mini seconds publishing element
Info: Checklist:work_items_list: 47 mini seconds publishing element
Info: Guideline:prioritizing_work_items: 31 mini seconds publishing element
Info: Concept:project_lifecycle: 47 mini seconds publishing element
Info: Guideline:submitting_change_requests: 31 mini seconds publishing element
Info: Checklist:test_case: 31 mini seconds publishing element
Info: Template:test_case: 31 mini seconds publishing element
Info: Concept:types_of_test: 47 mini seconds publishing element
Info: Concept:inception_phase: 15 mini seconds publishing element
Info: Concept:construction_phase: 47 mini seconds publishing element
Info: Concept:transition_phase: 31 mini seconds publishing element
Info: Concept:core_principle_evolve: 31 mini seconds publishing element
Info: Concept:phase: 32 mini seconds publishing element
Info: SupportingMaterial:references: 46 mini seconds publishing element
Info: CustomCategory:openup_treebrowser: 63 mini seconds publishing element
Info: CustomCategory:introduction_to_openup: 140 mini seconds publishing element
Info: CustomCategory:core_principles_category: 16 mini seconds publishing element
Info: Concept:core_principle_balance: 31 mini seconds publishing element
Info: SupportingMaterial:minimal_complete_extensible: 31 mini seconds publishing element
Info: SupportingMaterial:openup_family: 47 mini seconds publishing element
Info: SupportingMaterial:who_should_use_openup: 31 mini seconds publishing element
Info: CustomCategory:getting_started_with_openup: 16 mini seconds publishing element
Info: Roadmap:openup_roadmap: 47 mini seconds publishing element
Info: SupportingMaterial:resources_for_contributing_to_openup: 31 mini seconds publishing element
Info: DisciplineGrouping:openup_disciplines: 31 mini seconds publishing element
Info: Guideline:refactoring: 31 mini seconds publishing element
Info: Domain:openup_wp: 16 mini seconds publishing element
Info: Artifact:glossary: 31 mini seconds publishing element
Info: CustomCategory:about: 16 mini seconds publishing element
Info: SupportingMaterial:about_openup: 47 mini seconds publishing element
Info: SupportingMaterial:about_base_concepts: 31 mini seconds publishing element
Info: TermDefinition:work_item: 31 mini seconds publishing element
Info: TermDefinition:role: 16 mini seconds publishing element
Info: CustomCategory:collab_commun_layer: 31 mini seconds publishing element
Info: CustomCategory:management_layer: 15 mini seconds publishing element
Info: CustomCategory:intent_layer: 32 mini seconds publishing element
Info: CustomCategory:solution_layer: 31 mini seconds publishing element
Info: Example:architectural_mechanisms: 47 mini seconds publishing element
Info: Example:architectural_mechanism_attributes: 31 mini seconds publishing element
Info: TermDefinition:stakeholder_need: 15 mini seconds publishing element
Info: TermDefinition:method_library: 16 mini seconds publishing element
Info: TermDefinition:method_plugin: 31 mini seconds publishing element
Info: TermDefinition:content_package: 16 mini seconds publishing element
Info: TermDefinition:process_package: 31 mini seconds publishing element
Info: TermDefinition:content_element: 16 mini seconds publishing element
Info: TermDefinition:task: 15 mini seconds publishing element
Info: TermDefinition:work_product: 31 mini seconds publishing element
Info: TermDefinition:guidance: 16 mini seconds publishing element
Info: TermDefinition:capability_pattern: 16 mini seconds publishing element
Info: TermDefinition:delivery_process: 15 mini seconds publishing element
Info: TermDefinition:method_configuration: 16 mini seconds publishing element
Info: TermDefinition:custom_category: 15 mini seconds publishing element
Info: CustomCategory:architectural_mechanisms: 16 mini seconds publishing element
Info: Guideline:developer_testing: 47 mini seconds publishing element
Info: TermDefinition:code_instrumentation: 15 mini seconds publishing element
Info: TermDefinition:version: 16 mini seconds publishing element
Info: TermDefinition:configuration: 16 mini seconds publishing element
Info: TermDefinition:artifact: 31 mini seconds publishing element
Info: TermDefinition:discipline: 15 mini seconds publishing element
Info: Concept:collective_code_ownership: 32 mini seconds publishing element
Info: Domain:change_management: 15 mini seconds publishing element
Info: TermDefinition:domain: 16 mini seconds publishing element
Info: TermDefinition:process: 15 mini seconds publishing element
Info: TermDefinition:uma: 32 mini seconds publishing element
Info: TermDefinition:method_content: 15 mini seconds publishing element
Info: TermDefinition:activity: 31 mini seconds publishing element
Info: TermDefinition:breakdown_structure: 16 mini seconds publishing element
Info: TermDefinition:view: 16 mini seconds publishing element
Info: TermDefinition:model: 15 mini seconds publishing element
Info: TermDefinition:model_element: 16 mini seconds publishing element
Info: TermDefinition:document: 15 mini seconds publishing element
Info: TermDefinition:breakdown_element: 32 mini seconds publishing element
Info: TermDefinition:descriptor: 31 mini seconds publishing element
Info: TermDefinition:view_element: 15 mini seconds publishing element
Info: : Publishing time: 1 minutes 15 seconds
